<?xml version="1.0" encoding="UTF-8"?>
<!-- Generated by org.testng.reporters.JUnitReportReporter -->
<testsuite hostname="DESKTOP-L37L1I5" failures="0" tests="5" name="TEST.Test_firefox" time="273.352" errors="0" timestamp="2020-03-27T07:44:58 IST" skipped="0">
  <testcase classname="TEST.Test_firefox" name="swaglabs1" time="56.056"/>
  <testcase classname="TEST.Test_firefox" name="swaglabs3" time="80.633"/>
  <testcase classname="TEST.Test_firefox" name="swaglabs2" time="90.641"/>
  <testcase classname="TEST.Test_firefox" name="swaglabs4" time="21.801"/>
  <testcase classname="TEST.Test_firefox" name="swaglabs5" time="24.221"/>
</testsuite> <!-- TEST.Test_firefox -->
