<?xml version="1.0" encoding="UTF-8"?>
<!-- Generated by org.testng.reporters.JUnitReportReporter -->
<testsuite hostname="DESKTOP-L37L1I5" failures="0" tests="6" name="tests.TestFirefox" time="354.372" errors="0" timestamp="2020-03-29T08:51:12 IST" skipped="0">
  <testcase classname="tests.TestFirefox" name="testCase4" time="73.722"/>
  <system-out/>
  <testcase classname="tests.TestFirefox" name="testCase1" time="56.556"/>
  <system-out/>
  <testcase classname="tests.TestFirefox" name="testCase3" time="123.402"/>
  <system-out/>
  <testcase classname="tests.TestFirefox" name="testCase2" time="51.593"/>
  <system-out/>
  <testcase classname="tests.TestFirefox" name="testCase6" time="19.091"/>
  <system-out/>
  <testcase classname="tests.TestFirefox" name="testCase5" time="30.008"/>
  <system-out/>
</testsuite> <!-- tests.TestFirefox -->
