<?xml version="1.0" encoding="UTF-8"?>
<!-- Generated by org.testng.reporters.JUnitReportReporter -->
<testsuite hostname="DESKTOP-L37L1I5" failures="0" tests="6" name="tests.TestChrome" time="243.029" errors="0" timestamp="2020-03-29T08:51:12 IST" skipped="0">
  <testcase classname="tests.TestChrome" name="testCase3" time="77.432"/>
  <system-out/>
  <testcase classname="tests.TestChrome" name="testCase5" time="19.520"/>
  <system-out/>
  <testcase classname="tests.TestChrome" name="testCase6" time="15.962"/>
  <system-out/>
  <testcase classname="tests.TestChrome" name="testCase4" time="67.480"/>
  <system-out/>
  <testcase classname="tests.TestChrome" name="testCase2" time="44.311"/>
  <system-out/>
  <testcase classname="tests.TestChrome" name="testCase1" time="18.324"/>
  <system-out/>
</testsuite> <!-- tests.TestChrome -->
