<?xml version="1.0" encoding="UTF-8"?>
<!-- Generated by org.testng.reporters.JUnitReportReporter -->
<testsuite hostname="DESKTOP-L37L1I5" failures="0" tests="5" name="TEST.Test_chrome" time="267.072" errors="0" timestamp="2020-03-27T07:44:58 IST" skipped="0">
  <testcase classname="TEST.Test_chrome" name="swaglabs2" time="94.865"/>
  <testcase classname="TEST.Test_chrome" name="swaglabs3" time="71.392"/>
  <testcase classname="TEST.Test_chrome" name="swaglabs4" time="18.515"/>
  <testcase classname="TEST.Test_chrome" name="swaglabs1" time="60.777"/>
  <testcase classname="TEST.Test_chrome" name="swaglabs5" time="21.523"/>
</testsuite> <!-- TEST.Test_chrome -->
